<?xml version="1.0" encoding="UTF-8"?>
<testsuite xmlns:xsi="http://www.w3.org/2001/XMLSchema-instance" xsi:noNamespaceSchemaLocation="https://maven.apache.org/surefire/maven-failsafe-plugin/xsd/failsafe-test-report-3.0.xsd" version="3.0" name="com.ejemplos.testing.serenity.CucumberTestSuite" time="3.1" tests="1" errors="0" skipped="0" failures="0">
  <properties>
[...]
</properties>
  <testcase name="Al usuario se le muestra la informacion de la pagina Home desde fuera del dominio" classname="Mostrar Home" time="0.381">
    <system-out><![CDATA[13:32:14.331 [main] INFO  i.c.core.plugin.SerenityReporter - Running feature from file:///C:/Users/Bayo/Desktop/Intalent/Ejercicios/WorkSpaceJava/WEB/src/test/resources/features/search/webHome.feature
13:32:14.501 [main] INFO   - 

-------------------------------------------------------------------------------------
     _______. _______ .______       _______ .__   __.  __  .___________.____    ____ 
    /       ||   ____||   _  \     |   ____||  \ |  | |  | |           |\   \  /   / 
   |   (----`|  |__   |  |_)  |    |  |__   |   \|  | |  | `---|  |----` \   \/   /  
    \   \    |   __|  |      /     |   __|  |  . `  | |  |     |  |       \_    _/   
.----)   |   |  |____ |  |\  \----.|  |____ |  |\   | |  |     |  |         |  |     
|_______/    |_______|| _| `._____||_______||__| \__| |__|     |__|         |__|    
                                                                                     
 News and tutorials at http://www.serenity-bdd.info                                  
 Documentation at https://wakaleo.gitbooks.io/the-serenity-book/content/             
 Join the Serenity Community on Gitter: https://gitter.im/serenity-bdd/serenity-core 
 Serenity BDD Support and Training at http://serenity-bdd.info/#/trainingandsupport  
-------------------------------------------------------------------------------------

13:32:14.508 [main] INFO   - Test Suite Started: Mostrar Home
13:32:14.521 [main] INFO  i.c.core.plugin.SerenityReporter - Running feature from file:///C:/Users/Bayo/Desktop/Intalent/Ejercicios/WorkSpaceJava/WEB/src/test/resources/features/search/webHome.feature
13:32:14.523 [main] INFO   - Test Suite Started: Mostrar Home

Scenario: Al usuario se le muestra la informacion de la pagina Home desde fuera del dominio &amp#27;[90m# src/test/resources/features/search/webHome.feature:3&amp#27;[0m
13:32:14.609 [main] INFO  i.c.core.plugin.SerenityReporter - Running feature from file:///C:/Users/Bayo/Desktop/Intalent/Ejercicios/WorkSpaceJava/WEB/src/test/resources/features/search/webHome.feature
13:32:14.709 [main] INFO   - 
  _____   ___   ___   _____     ___   _____     _     ___   _____   ___   ___  
 |_   _| | __| / __| |_   _|   / __| |_   _|   /_\   | _ \ |_   _| | __| |   \ 
   | |   | _|  \__ \   | |     \__ \   | |    / _ \  |   /   | |   | _|  | |) |
   |_|   |___| |___/   |_|     |___/   |_|   /_/ \_\ |_|_\   |_|   |___| |___/ 

Al usuario se le muestra la informacion de la pagina Home desde fuera del dominio(mostrar-home;al-usuario-se-le-muestra-la-informacion-de-la-pagina-home-desde-fuera-del-dominio)
--------------------------------------------------------------------------------
Given
  &amp#27;[32mGiven &amp#27;[0m&amp#27;[32mEl usuario quiere acceder a la pagina Home desde chrome&amp#27;[0m                             &amp#27;[90m# com.ejemplos.testing.serenity.stepdefinitions.WebHome.el_usuario_quiere_acceder_a_la_pÃ¡gina_home_desde_chrome()&amp#27;[0m
When
  &amp#27;[32mWhen &amp#27;[0m&amp#27;[32mel usuario accede a la pagina a traves de la URL LucAPI - Home&amp#27;[0m                       &amp#27;[90m# com.ejemplos.testing.serenity.stepdefinitions.WebHome.el_usuario_accede_a_la_pÃ¡gina_a_travÃ©s_de_la_url_luc_api_home()&amp#27;[0m
Then
  &amp#27;[32mThen &amp#27;[0m&amp#27;[32mse le muestra la informacion inicial de la pagina.&amp#27;[0m                                   &amp#27;[90m# com.ejemplos.testing.serenity.stepdefinitions.WebHome.se_le_muestra_la_informaciÃ³n_inicial_de_la_pÃ¡gina()&amp#27;[0m
13:32:14.902 [main] INFO   - 
  _____   ___   ___   _____     ___     _     ___   ___   ___   ___  
 |_   _| | __| / __| |_   _|   | _ \   /_\   / __| / __| | __| |   \ 
   | |   | _|  \__ \   | |     |  _/  / _ \  \__ \ \__ \ | _|  | |) |
   |_|   |___| |___/   |_|     |_|   /_/ \_\ |___/ |___/ |___| |___/ 

Al usuario se le muestra la informacion de la pagina Home desde fuera del dominio
----------------------------------------------------------------------
]]></system-out>
  </testcase>
</testsuite>