<?xml version="1.0" encoding="UTF-8"?>
<testsuite xmlns:xsi="http://www.w3.org/2001/XMLSchema-instance" xsi:noNamespaceSchemaLocation="https://maven.apache.org/surefire/maven-failsafe-plugin/xsd/failsafe-test-report-3.0.xsd" version="3.0" name="com.ejemplos.testing.serenity.CucumberTestSuite" time="37.04" tests="3" errors="0" skipped="0" failures="0">
  <properties>
[...]
</properties>
  <testcase name="HU 13 | TS 13.1 | TC 13.1.10 | Título Home" classname="WEB #1" time="12.299">
    <system-out><![CDATA[20:14:00.593 [main] INFO  i.c.core.plugin.SerenityReporter - Running feature from file:///C:/Users/ivanj/git/LucaTesting2022/WEB/src/test/resources/features/home/existeTituloH1Home.feature
20:14:00.774 [main] INFO   - 

-------------------------------------------------------------------------------------
     _______. _______ .______       _______ .__   __.  __  .___________.____    ____ 
    /       ||   ____||   _  \     |   ____||  \ |  | |  | |           |\   \  /   / 
   |   (----`|  |__   |  |_)  |    |  |__   |   \|  | |  | `---|  |----` \   \/   /  
    \   \    |   __|  |      /     |   __|  |  . `  | |  |     |  |       \_    _/   
.----)   |   |  |____ |  |\  \----.|  |____ |  |\   | |  |     |  |         |  |     
|_______/    |_______|| _| `._____||_______||__| \__| |__|     |__|         |__|    
                                                                                     
 News and tutorials at http://www.serenity-bdd.info                                  
 Documentation at https://wakaleo.gitbooks.io/the-serenity-book/content/             
 Join the Serenity Community on Gitter: https://gitter.im/serenity-bdd/serenity-core 
 Serenity BDD Support and Training at http://serenity-bdd.info/#/trainingandsupport  
-------------------------------------------------------------------------------------

20:14:00.780 [main] INFO   - Test Suite Started: WEB
20:14:00.792 [main] INFO  i.c.core.plugin.SerenityReporter - Running feature from file:///C:/Users/ivanj/git/LucaTesting2022/WEB/src/test/resources/features/home/mostrarHomeChrome.feature
20:14:00.796 [main] INFO   - Test Suite Started: WEB
20:14:00.796 [main] INFO  i.c.core.plugin.SerenityReporter - Running feature from file:///C:/Users/ivanj/git/LucaTesting2022/WEB/src/test/resources/features/home/textoRealHome.feature
20:14:00.800 [main] INFO   - Test Suite Started: WEB
20:14:00.801 [main] INFO  i.c.core.plugin.SerenityReporter - Running feature from file:///C:/Users/ivanj/git/LucaTesting2022/WEB/src/test/resources/features/home/existeTituloH1Home.feature
20:14:00.805 [main] INFO   - Test Suite Started: WEB

@PROYEC-186 @REQ_PROYEC-35 @TEST_PROYEC-115 @REQ_PROYEC-38 @TESTSET_PROYEC-50 @13 @13.1 @13.1.10 @TÃ­tulo
Scenario: HU 13 | TS 13.1 | TC 13.1.10 | TÃ­tulo Home                 &amp#27;[90m# src/test/resources/features/home/existeTituloH1Home.feature:22&amp#27;[0m
20:14:00.900 [main] INFO  i.c.core.plugin.SerenityReporter - Running feature from file:///C:/Users/ivanj/git/LucaTesting2022/WEB/src/test/resources/features/home/existeTituloH1Home.feature
20:14:00.991 [main] INFO   - 
  _____   ___   ___   _____     ___   _____     _     ___   _____   ___   ___  
 |_   _| | __| / __| |_   _|   / __| |_   _|   /_\   | _ \ |_   _| | __| |   \ 
   | |   | _|  \__ \   | |     \__ \   | |    / _ \  |   /   | |   | _|  | |) |
   |_|   |___| |___/   |_|     |___/   |_|   /_/ \_\ |_|_\   |_|   |___| |___/ 

HU 13 | TS 13.1 | TC 13.1.10 | Título Home(web;hu-13-|-ts-13.1-|-tc-13.1.10-|-título-home)
--------------------------------------------------------------------------------
20:14:01.533 [main] INFO  n.s.c.w.d.ChromeDriverProvider - Using automatically driver download
20:14:02.598 [main] INFO  i.g.bonigarcia.wdm.WebDriverManager - Using chromedriver 100.0.4896.60 (resolved driver for Chrome 100)
20:14:02.613 [main] INFO  i.g.bonigarcia.wdm.WebDriverManager - Exporting webdriver.chrome.driver as C:\Users\ivanj\.cache\selenium\chromedriver\win32\100.0.4896.60\chromedriver.exe
  &amp#27;[32mGiven &amp#27;[0m&amp#27;[32mEl &amp#27;[0m&amp#27;[32m&amp#27;[1musuario&amp#27;[0m&amp#27;[32m accede a la pagina Home&amp#27;[0m                           &amp#27;[90m# com.ejemplos.testing.serenity.stepdefinitions.HomeSteps.el_usuario_accede_a_la_pagina_home(net.serenitybdd.screenplay.Actor)&amp#27;[0m
  &amp#27;[32mWhen &amp#27;[0m&amp#27;[32mel &amp#27;[0m&amp#27;[32m&amp#27;[1musuario&amp#27;[0m&amp#27;[32m busca en la pagina Home la etiqueta titulo &amp#27;[0m&amp#27;[32m&amp#27;[1m"h1"&amp#27;[0m    &amp#27;[90m# com.ejemplos.testing.serenity.stepdefinitions.HomeSteps.el_usuario_busca_en_la_pagina_home_la_etiqueta_titulo(net.serenitybdd.screenplay.Actor,java.lang.String)&amp#27;[0m
titulo h1
  &amp#27;[32mThen &amp#27;[0m&amp#27;[32mal &amp#27;[0m&amp#27;[32m&amp#27;[1musuario&amp#27;[0m&amp#27;[32m se le muestra el titulo h1 &amp#27;[0m&amp#27;[32m&amp#27;[1m"Las Voces del Cambio"&amp#27;[0m&amp#27;[32m.&amp#27;[0m &amp#27;[90m# com.ejemplos.testing.serenity.stepdefinitions.HomeSteps.al_usuario_se_le_muestra_el_titulo_h1(net.serenitybdd.screenplay.Actor,java.lang.String)&amp#27;[0m
20:14:12.951 [main] INFO   - 
  _____   ___   ___   _____     ___     _     ___   ___   ___   ___  
 |_   _| | __| / __| |_   _|   | _ \   /_\   / __| / __| | __| |   \ 
   | |   | _|  \__ \   | |     |  _/  / _ \  \__ \ \__ \ | _|  | |) |
   |_|   |___| |___/   |_|     |_|   /_/ \_\ |___/ |___/ |___| |___/ 

HU 13 | TS 13.1 | TC 13.1.10 | Título Home
----------------------------------------------------------------------
20:14:13.037 [AsyncHttpClient-1-4] WARN  o.a.netty.handler.WebSocketHandler - onError
java.net.SocketException: Connection reset
	at java.base/sun.nio.ch.SocketChannelImpl.throwConnectionReset(SocketChannelImpl.java:394)
	at java.base/sun.nio.ch.SocketChannelImpl.read(SocketChannelImpl.java:426)
	at io.netty.buffer.PooledByteBuf.setBytes(PooledByteBuf.java:258)
	at io.netty.buffer.AbstractByteBuf.writeBytes(AbstractByteBuf.java:1132)
	at io.netty.channel.socket.nio.NioSocketChannel.doReadBytes(NioSocketChannel.java:350)
	at io.netty.channel.nio.AbstractNioByteChannel$NioByteUnsafe.read(AbstractNioByteChannel.java:151)
	at io.netty.channel.nio.NioEventLoop.processSelectedKey(NioEventLoop.java:722)
	at io.netty.channel.nio.NioEventLoop.processSelectedKeysOptimized(NioEventLoop.java:658)
	at io.netty.channel.nio.NioEventLoop.processSelectedKeys(NioEventLoop.java:584)
	at io.netty.channel.nio.NioEventLoop.run(NioEventLoop.java:496)
	at io.netty.util.concurrent.SingleThreadEventExecutor$4.run(SingleThreadEventExecutor.java:986)
	at io.netty.util.internal.ThreadExecutorMap$2.run(ThreadExecutorMap.java:74)
	at io.netty.util.concurrent.FastThreadLocalRunnable.run(FastThreadLocalRunnable.java:30)
	at java.base/java.lang.Thread.run(Thread.java:833)
]]></system-out>
    <system-err><![CDATA[Starting ChromeDriver 100.0.4896.60 (6a5d10861ce8de5fce22564658033b43cb7de047-refs/branch-heads/4896@{#875}) on port 51646
Only local connections are allowed.
Please see https://chromedriver.chromium.org/security-considerations for suggestions on keeping ChromeDriver safe.
ChromeDriver was started successfully.
abr 05, 2022 8:14:07 P. M. org.openqa.selenium.remote.ProtocolHandshake createSession
INFO: Detected dialect: W3C
abr 05, 2022 8:14:07 P. M. org.openqa.selenium.devtools.CdpVersionFinder findNearestMatch
WARNING: Unable to find an exact match for CDP version 100, so returning the closest version found: 99
abr 05, 2022 8:14:07 P. M. org.openqa.selenium.devtools.CdpVersionFinder findNearestMatch
INFO: Found CDP implementation for version 100 of 99
abr 05, 2022 8:14:13 P. M. org.openqa.selenium.remote.http.WebSocket$Listener onError
WARNING: Connection reset
java.net.SocketException: Connection reset
	at java.base/sun.nio.ch.SocketChannelImpl.throwConnectionReset(SocketChannelImpl.java:394)
	at java.base/sun.nio.ch.SocketChannelImpl.read(SocketChannelImpl.java:426)
	at io.netty.buffer.PooledByteBuf.setBytes(PooledByteBuf.java:258)
	at io.netty.buffer.AbstractByteBuf.writeBytes(AbstractByteBuf.java:1132)
	at io.netty.channel.socket.nio.NioSocketChannel.doReadBytes(NioSocketChannel.java:350)
	at io.netty.channel.nio.AbstractNioByteChannel$NioByteUnsafe.read(AbstractNioByteChannel.java:151)
	at io.netty.channel.nio.NioEventLoop.processSelectedKey(NioEventLoop.java:722)
	at io.netty.channel.nio.NioEventLoop.processSelectedKeysOptimized(NioEventLoop.java:658)
	at io.netty.channel.nio.NioEventLoop.processSelectedKeys(NioEventLoop.java:584)
	at io.netty.channel.nio.NioEventLoop.run(NioEventLoop.java:496)
	at io.netty.util.concurrent.SingleThreadEventExecutor$4.run(SingleThreadEventExecutor.java:986)
	at io.netty.util.internal.ThreadExecutorMap$2.run(ThreadExecutorMap.java:74)
	at io.netty.util.concurrent.FastThreadLocalRunnable.run(FastThreadLocalRunnable.java:30)
	at java.base/java.lang.Thread.run(Thread.java:833)

]]></system-err>
  </testcase>
  <testcase name="HU 13 | TS 13.1 | TC 13.1.14 | mostrar Home desde Chrome" classname="WEB #2" time="6.913">
    <system-out><![CDATA[20:14:13.109 [main] INFO  i.c.core.plugin.SerenityReporter - Running feature from file:///C:/Users/ivanj/git/LucaTesting2022/WEB/src/test/resources/features/home/mostrarHomeChrome.feature
20:14:13.112 [main] INFO   - Test Suite Started: WEB

@PROYEC-186 @REQ_PROYEC-35 @TEST_PROYEC-106 @REQ_PROYEC-38 @TESTSET_PROYEC-50 @13 @13.1 @13.1.14 @Chrome @Navegadores
Scenario: HU 13 | TS 13.1 | TC 13.1.14 | mostrar Home desde Chrome &amp#27;[90m# src/test/resources/features/home/mostrarHomeChrome.feature:23&amp#27;[0m
20:14:13.122 [main] INFO  i.c.core.plugin.SerenityReporter - Running feature from file:///C:/Users/ivanj/git/LucaTesting2022/WEB/src/test/resources/features/home/mostrarHomeChrome.feature
20:14:13.125 [main] INFO   - 
  _____   ___   ___   _____     ___   _____     _     ___   _____   ___   ___  
 |_   _| | __| / __| |_   _|   / __| |_   _|   /_\   | _ \ |_   _| | __| |   \ 
   | |   | _|  \__ \   | |     \__ \   | |    / _ \  |   /   | |   | _|  | |) |
   |_|   |___| |___/   |_|     |___/   |_|   /_/ \_\ |_|_\   |_|   |___| |___/ 

HU 13 | TS 13.1 | TC 13.1.14 | mostrar Home desde Chrome(web;hu-13-|-ts-13.1-|-tc-13.1.14-|-mostrar-home-desde-chrome)
--------------------------------------------------------------------------------
20:14:13.142 [main] INFO  n.s.c.w.d.ChromeDriverProvider - Using automatically driver download
20:14:13.243 [main] INFO  i.g.bonigarcia.wdm.WebDriverManager - Using chromedriver 100.0.4896.60 (resolved driver for Chrome 100)
20:14:13.250 [main] INFO  i.g.bonigarcia.wdm.WebDriverManager - Exporting webdriver.chrome.driver as C:\Users\ivanj\.cache\selenium\chromedriver\win32\100.0.4896.60\chromedriver.exe
  &amp#27;[32mGiven &amp#27;[0m&amp#27;[32mEl &amp#27;[0m&amp#27;[32m&amp#27;[1musuario&amp#27;[0m&amp#27;[32m accede a la pagina Home desde chrome&amp#27;[0m            &amp#27;[90m# com.ejemplos.testing.serenity.stepdefinitions.HomeSteps.el_usuario_accede_a_la_pagina_home_desde_chrome(net.serenitybdd.screenplay.Actor)&amp#27;[0m
  &amp#27;[32mWhen &amp#27;[0m&amp#27;[32mel &amp#27;[0m&amp#27;[32m&amp#27;[1musuario&amp#27;[0m&amp#27;[32m busca en la pagina Home la etiqueta &amp#27;[0m&amp#27;[32m&amp#27;[1m"title"&amp#27;[0m      &amp#27;[90m# com.ejemplos.testing.serenity.stepdefinitions.HomeSteps.el_usuario_busca_en_la_pagina_home_la_etiqueta(net.serenitybdd.screenplay.Actor,java.lang.String)&amp#27;[0m
  &amp#27;[32mThen &amp#27;[0m&amp#27;[32mal &amp#27;[0m&amp#27;[32m&amp#27;[1musuario&amp#27;[0m&amp#27;[32m se le muestra el titulo &amp#27;[0m&amp#27;[32m&amp#27;[1m"LucApi - Home"&amp#27;[0m&amp#27;[32m.&amp#27;[0m         &amp#27;[90m# com.ejemplos.testing.serenity.stepdefinitions.HomeSteps.al_usuario_se_le_muestra_el_titulo(net.serenitybdd.screenplay.Actor,java.lang.String)&amp#27;[0m
20:14:19.922 [main] INFO   - 
  _____   ___   ___   _____     ___     _     ___   ___   ___   ___  
 |_   _| | __| / __| |_   _|   | _ \   /_\   / __| / __| | __| |   \ 
   | |   | _|  \__ \   | |     |  _/  / _ \  \__ \ \__ \ | _|  | |) |
   |_|   |___| |___/   |_|     |_|   /_/ \_\ |___/ |___/ |___| |___/ 

HU 13 | TS 13.1 | TC 13.1.14 | mostrar Home desde Chrome
----------------------------------------------------------------------
]]></system-out>
    <system-err><![CDATA[Starting ChromeDriver 100.0.4896.60 (6a5d10861ce8de5fce22564658033b43cb7de047-refs/branch-heads/4896@{#875}) on port 61208
Only local connections are allowed.
Please see https://chromedriver.chromium.org/security-considerations for suggestions on keeping ChromeDriver safe.
ChromeDriver was started successfully.
abr 05, 2022 8:14:14 P. M. org.openqa.selenium.remote.ProtocolHandshake createSession
INFO: Detected dialect: W3C
abr 05, 2022 8:14:14 P. M. org.openqa.selenium.devtools.CdpVersionFinder findNearestMatch
WARNING: Unable to find an exact match for CDP version 100, so returning the closest version found: 99
abr 05, 2022 8:14:14 P. M. org.openqa.selenium.devtools.CdpVersionFinder findNearestMatch
INFO: Found CDP implementation for version 100 of 99
]]></system-err>
  </testcase>
  <testcase name="HU 13 | TS 13.1 | TC 13.1.11 |  Texto real Home" classname="WEB #3" time="13.979">
    <system-out><![CDATA[20:14:20.027 [main] INFO  i.c.core.plugin.SerenityReporter - Running feature from file:///C:/Users/ivanj/git/LucaTesting2022/WEB/src/test/resources/features/home/textoRealHome.feature
20:14:20.029 [main] INFO   - Test Suite Started: WEB

@PROYEC-186 @REQ_PROYEC-35 @TEST_PROYEC-116 @REQ_PROYEC-38 @TESTSET_PROYEC-50 @13 @13.1 @13.1.11 @TextoReal
Scenario: HU 13 | TS 13.1 | TC 13.1.11 |  Texto real Home           &amp#27;[90m# src/test/resources/features/home/textoRealHome.feature:11&amp#27;[0m
20:14:20.035 [main] INFO  i.c.core.plugin.SerenityReporter - Running feature from file:///C:/Users/ivanj/git/LucaTesting2022/WEB/src/test/resources/features/home/textoRealHome.feature
20:14:20.036 [main] INFO   - 
  _____   ___   ___   _____     ___   _____     _     ___   _____   ___   ___  
 |_   _| | __| / __| |_   _|   / __| |_   _|   /_\   | _ \ |_   _| | __| |   \ 
   | |   | _|  \__ \   | |     \__ \   | |    / _ \  |   /   | |   | _|  | |) |
   |_|   |___| |___/   |_|     |___/   |_|   /_/ \_\ |_|_\   |_|   |___| |___/ 

HU 13 | TS 13.1 | TC 13.1.11 |  Texto real Home(web;hu-13-|-ts-13.1-|-tc-13.1.11-|--texto-real-home)
--------------------------------------------------------------------------------
20:14:20.047 [main] INFO  n.s.c.w.d.ChromeDriverProvider - Using automatically driver download
20:14:20.131 [main] INFO  i.g.bonigarcia.wdm.WebDriverManager - Using chromedriver 100.0.4896.60 (resolved driver for Chrome 100)
20:14:20.137 [main] INFO  i.g.bonigarcia.wdm.WebDriverManager - Exporting webdriver.chrome.driver as C:\Users\ivanj\.cache\selenium\chromedriver\win32\100.0.4896.60\chromedriver.exe
  &amp#27;[32mGiven &amp#27;[0m&amp#27;[32mEl &amp#27;[0m&amp#27;[32m&amp#27;[1musuario&amp#27;[0m&amp#27;[32m accede a la pagina Home desde chrome&amp#27;[0m             &amp#27;[90m# com.ejemplos.testing.serenity.stepdefinitions.HomeSteps.el_usuario_accede_a_la_pagina_home_desde_chrome(net.serenitybdd.screenplay.Actor)&amp#27;[0m
  &amp#27;[32mWhen &amp#27;[0m&amp#27;[32mel &amp#27;[0m&amp#27;[32m&amp#27;[1musuario&amp#27;[0m&amp#27;[32m busca en la pagina Home la etiqueta &amp#27;[0m&amp#27;[32m&amp#27;[1m"p"&amp#27;[0m           &amp#27;[90m# com.ejemplos.testing.serenity.stepdefinitions.HomeSteps.el_usuario_busca_en_la_pagina_home_la_etiqueta(net.serenitybdd.screenplay.Actor,java.lang.String)&amp#27;[0m
titulo h1
  &amp#27;[32mThen &amp#27;[0m&amp#27;[32mel &amp#27;[0m&amp#27;[32m&amp#27;[1musuario&amp#27;[0m&amp#27;[32m comprueba que la etiqueta &amp#27;[0m&amp#27;[32m&amp#27;[1m"p"&amp#27;[0m&amp#27;[32m contiene texto real&amp#27;[0m &amp#27;[90m# com.ejemplos.testing.serenity.stepdefinitions.HomeSteps.el_usuario_comprueba_que_la_etiqueta_p_contiene_texto_real(net.serenitybdd.screenplay.Actor,java.lang.String)&amp#27;[0m
20:14:33.943 [main] INFO   - 
  _____   ___   ___   _____     ___     _     ___   ___   ___   ___  
 |_   _| | __| / __| |_   _|   | _ \   /_\   / __| / __| | __| |   \ 
   | |   | _|  \__ \   | |     |  _/  / _ \  \__ \ \__ \ | _|  | |) |
   |_|   |___| |___/   |_|     |_|   /_/ \_\ |___/ |___/ |___| |___/ 

HU 13 | TS 13.1 | TC 13.1.11 |  Texto real Home
----------------------------------------------------------------------
]]></system-out>
    <system-err><![CDATA[Starting ChromeDriver 100.0.4896.60 (6a5d10861ce8de5fce22564658033b43cb7de047-refs/branch-heads/4896@{#875}) on port 62763
Only local connections are allowed.
Please see https://chromedriver.chromium.org/security-considerations for suggestions on keeping ChromeDriver safe.
ChromeDriver was started successfully.
abr 05, 2022 8:14:20 P. M. org.openqa.selenium.remote.ProtocolHandshake createSession
INFO: Detected dialect: W3C
abr 05, 2022 8:14:20 P. M. org.openqa.selenium.devtools.CdpVersionFinder findNearestMatch
WARNING: Unable to find an exact match for CDP version 100, so returning the closest version found: 99
abr 05, 2022 8:14:20 P. M. org.openqa.selenium.devtools.CdpVersionFinder findNearestMatch
INFO: Found CDP implementation for version 100 of 99
]]></system-err>
  </testcase>
</testsuite>